<?xml version="1.0" encoding="UTF-8"?>
<testsuite xmlns:xsi="http://www.w3.org/2001/XMLSchema-instance" xsi:noNamespaceSchemaLocation="https://maven.apache.org/surefire/maven-surefire-plugin/xsd/surefire-test-report-3.0.xsd" version="3.0" name="runner.TestRunner" time="47.273" tests="16" errors="2" skipped="1" failures="0">
  <properties>
[...]
</properties>
  <testcase name="Given I am on the cognizant.com page" classname="Scenario: Home Page" time="0.002"/>
  <testcase name="When I search for “QEA”" classname="Scenario: Home Page" time="0"/>
  <testcase name="Then I should find a link for “Quality Engineering &amp; Assurance in Digital – Cognizant”" classname="Scenario: Home Page" time="0"/>
  <testcase name="" classname="Scenario: Home Page" time="0.159"/>
  <testcase name="Given I am on the above page" classname="Scenario: Verify Application Development Testing Section" time="0"/>
  <testcase name="When I click on the tab for “Application Development Testing”" classname="Scenario: Verify Application Development Testing Section" time="0"/>
  <testcase name="Then I should see a Highlights section noting “90% Faster test cycles”" classname="Scenario: Verify Application Development Testing Section" time="0"/>
  <testcase name="" classname="Scenario: Verify Application Development Testing Section" time="0.211"/>
  <testcase name="Given I am on the above page" classname="Scenario: Verify Application Maintenance Testing Section" time="0.001"/>
  <testcase name="When I click on the tab for “Application Maintenance Testing”" classname="Scenario: Verify Application Maintenance Testing Section" time="0.022">
    <error message="element click intercepted: Element &lt;h3 class=&quot;text-white m0 py1 px-half&quot; data-equalizer-watch=&quot;&quot; style=&quot;height: 93px;&quot;&gt;...&lt;/h3&gt; is not clickable at point (747, 1054). Other element would receive the click: &lt;div id=&quot;truste-consent-text&quot; class=&quot;truste-messageColumn&quot;&gt;...&lt;/div&gt;&#10;  (Session info: headless chrome=98.0.4758.102)&#10;Build info: version: &apos;4.1.1&apos;, revision: &apos;e8fcc2cecf&apos;&#10;System info: host: &apos;LTUS155170&apos;, ip: &apos;192.168.1.93&apos;, os.name: &apos;Windows 10&apos;, os.arch: &apos;amd64&apos;, os.version: &apos;10.0&apos;, java.version: &apos;1.8.0_311&apos;&#10;Driver info: org.openqa.selenium.chrome.ChromeDriver&#10;Command: [ea9c5c0efc814f0c73124cb9562e86f1, clickElement {id=a189a477-cc95-4353-8ccf-85847fa2f689}]&#10;Capabilities {acceptInsecureCerts: false, browserName: chrome, browserVersion: 98.0.4758.102, chrome: {chromedriverVersion: 98.0.4758.102 (273bf7ac8c90..., userDataDir: C:\Users\955113\AppData\Loc...}, goog:chromeOptions: {debuggerAddress: localhost:56823}, javascriptEnabled: true, networkConnectionEnabled: false, pageLoadStrategy: normal, platform: WINDOWS, platformName: WINDOWS, proxy: Proxy(), se:cdp: ws://localhost:56823/devtoo..., se:cdpVersion: 98.0.4758.102, setWindowRect: true, strictFileInteractability: false, timeouts: {implicit: 0, pageLoad: 300000, script: 30000}, unhandledPromptBehavior: dismiss and notify, webauthn:extension:credBlob: true, webauthn:extension:largeBlob: true, webauthn:virtualAuthenticators: true}&#10;Element: [[ChromeDriver: chrome on WINDOWS (ea9c5c0efc814f0c73124cb9562e86f1)] -&gt; xpath: //*[@id=&apos;panel3-label&apos;]/h3]&#10;Session ID: ea9c5c0efc814f0c73124cb9562e86f1" type="org.openqa.selenium.ElementClickInterceptedException"><![CDATA[org.openqa.selenium.ElementClickInterceptedException: 
element click intercepted: Element <h3 class="text-white m0 py1 px-half" data-equalizer-watch="" style="height: 93px;">...</h3> is not clickable at point (747, 1054). Other element would receive the click: <div id="truste-consent-text" class="truste-messageColumn">...</div>
  (Session info: headless chrome=98.0.4758.102)
Build info: version: '4.1.1', revision: 'e8fcc2cecf'
System info: host: 'LTUS155170', ip: '192.168.1.93', os.name: 'Windows 10', os.arch: 'amd64', os.version: '10.0', java.version: '1.8.0_311'
Driver info: org.openqa.selenium.chrome.ChromeDriver
Command: [ea9c5c0efc814f0c73124cb9562e86f1, clickElement {id=a189a477-cc95-4353-8ccf-85847fa2f689}]
Capabilities {acceptInsecureCerts: false, browserName: chrome, browserVersion: 98.0.4758.102, chrome: {chromedriverVersion: 98.0.4758.102 (273bf7ac8c90..., userDataDir: C:\Users\955113\AppData\Loc...}, goog:chromeOptions: {debuggerAddress: localhost:56823}, javascriptEnabled: true, networkConnectionEnabled: false, pageLoadStrategy: normal, platform: WINDOWS, platformName: WINDOWS, proxy: Proxy(), se:cdp: ws://localhost:56823/devtoo..., se:cdpVersion: 98.0.4758.102, setWindowRect: true, strictFileInteractability: false, timeouts: {implicit: 0, pageLoad: 300000, script: 30000}, unhandledPromptBehavior: dismiss and notify, webauthn:extension:credBlob: true, webauthn:extension:largeBlob: true, webauthn:virtualAuthenticators: true}
Element: [[ChromeDriver: chrome on WINDOWS (ea9c5c0efc814f0c73124cb9562e86f1)] -> xpath: //*[@id='panel3-label']/h3]
Session ID: ea9c5c0efc814f0c73124cb9562e86f1
]]></error>
  </testcase>
  <testcase name="" classname="Scenario: Verify Application Maintenance Testing Section" time="0.024">
    <error message="element click intercepted: Element &lt;h3 class=&quot;text-white m0 py1 px-half&quot; data-equalizer-watch=&quot;&quot; style=&quot;height: 93px;&quot;&gt;...&lt;/h3&gt; is not clickable at point (747, 1054). Other element would receive the click: &lt;div id=&quot;truste-consent-text&quot; class=&quot;truste-messageColumn&quot;&gt;...&lt;/div&gt;&#10;  (Session info: headless chrome=98.0.4758.102)&#10;Build info: version: &apos;4.1.1&apos;, revision: &apos;e8fcc2cecf&apos;&#10;System info: host: &apos;LTUS155170&apos;, ip: &apos;192.168.1.93&apos;, os.name: &apos;Windows 10&apos;, os.arch: &apos;amd64&apos;, os.version: &apos;10.0&apos;, java.version: &apos;1.8.0_311&apos;&#10;Driver info: org.openqa.selenium.chrome.ChromeDriver&#10;Command: [ea9c5c0efc814f0c73124cb9562e86f1, clickElement {id=a189a477-cc95-4353-8ccf-85847fa2f689}]&#10;Capabilities {acceptInsecureCerts: false, browserName: chrome, browserVersion: 98.0.4758.102, chrome: {chromedriverVersion: 98.0.4758.102 (273bf7ac8c90..., userDataDir: C:\Users\955113\AppData\Loc...}, goog:chromeOptions: {debuggerAddress: localhost:56823}, javascriptEnabled: true, networkConnectionEnabled: false, pageLoadStrategy: normal, platform: WINDOWS, platformName: WINDOWS, proxy: Proxy(), se:cdp: ws://localhost:56823/devtoo..., se:cdpVersion: 98.0.4758.102, setWindowRect: true, strictFileInteractability: false, timeouts: {implicit: 0, pageLoad: 300000, script: 30000}, unhandledPromptBehavior: dismiss and notify, webauthn:extension:credBlob: true, webauthn:extension:largeBlob: true, webauthn:virtualAuthenticators: true}&#10;Element: [[ChromeDriver: chrome on WINDOWS (ea9c5c0efc814f0c73124cb9562e86f1)] -&gt; xpath: //*[@id=&apos;panel3-label&apos;]/h3]&#10;Session ID: ea9c5c0efc814f0c73124cb9562e86f1" type="org.openqa.selenium.ElementClickInterceptedException"><![CDATA[org.openqa.selenium.ElementClickInterceptedException: 
element click intercepted: Element <h3 class="text-white m0 py1 px-half" data-equalizer-watch="" style="height: 93px;">...</h3> is not clickable at point (747, 1054). Other element would receive the click: <div id="truste-consent-text" class="truste-messageColumn">...</div>
  (Session info: headless chrome=98.0.4758.102)
Build info: version: '4.1.1', revision: 'e8fcc2cecf'
System info: host: 'LTUS155170', ip: '192.168.1.93', os.name: 'Windows 10', os.arch: 'amd64', os.version: '10.0', java.version: '1.8.0_311'
Driver info: org.openqa.selenium.chrome.ChromeDriver
Command: [ea9c5c0efc814f0c73124cb9562e86f1, clickElement {id=a189a477-cc95-4353-8ccf-85847fa2f689}]
Capabilities {acceptInsecureCerts: false, browserName: chrome, browserVersion: 98.0.4758.102, chrome: {chromedriverVersion: 98.0.4758.102 (273bf7ac8c90..., userDataDir: C:\Users\955113\AppData\Loc...}, goog:chromeOptions: {debuggerAddress: localhost:56823}, javascriptEnabled: true, networkConnectionEnabled: false, pageLoadStrategy: normal, platform: WINDOWS, platformName: WINDOWS, proxy: Proxy(), se:cdp: ws://localhost:56823/devtoo..., se:cdpVersion: 98.0.4758.102, setWindowRect: true, strictFileInteractability: false, timeouts: {implicit: 0, pageLoad: 300000, script: 30000}, unhandledPromptBehavior: dismiss and notify, webauthn:extension:credBlob: true, webauthn:extension:largeBlob: true, webauthn:virtualAuthenticators: true}
Element: [[ChromeDriver: chrome on WINDOWS (ea9c5c0efc814f0c73124cb9562e86f1)] -> xpath: //*[@id='panel3-label']/h3]
Session ID: ea9c5c0efc814f0c73124cb9562e86f1
]]></error>
  </testcase>
  <testcase name="Then I should see a Highlights section noting “ZERO Regression defect leakage to UAT”" classname="Scenario: Verify Application Maintenance Testing Section" time="0">
    <skipped/>
  </testcase>
  <testcase name="Given I am on the above page" classname="Scenario: Verify Test Advisory Section" time="0"/>
  <testcase name="When I click on the tab for “Test Advisory”" classname="Scenario: Verify Test Advisory Section" time="0"/>
  <testcase name="Then I should see a Highlights section noting &quot;$3 mm Cost savings in 3 years&quot;" classname="Scenario: Verify Test Advisory Section" time="0"/>
  <testcase name="" classname="Scenario: Verify Test Advisory Section" time="0.237"/>
</testsuite>